[debug] [2025-09-18T04:07:22.287Z] ----------------------------------------------------------------------
[debug] [2025-09-18T04:07:22.294Z] Command:       C:\Program Files\nodejs\node.exe C:\Users\Hanan\AppData\Roaming\npm\node_modules\firebase-tools\lib\bin\firebase.js deploy --only firestore
[debug] [2025-09-18T04:07:22.294Z] CLI Version:   14.17.0
[debug] [2025-09-18T04:07:22.295Z] Platform:      win32
[debug] [2025-09-18T04:07:22.295Z] Node Version:  v22.16.0
[debug] [2025-09-18T04:07:22.295Z] Time:          Wed Sep 17 2025 22:07:22 GMT-0600 (Mountain Daylight Time)
[debug] [2025-09-18T04:07:22.295Z] ----------------------------------------------------------------------
[debug] 
[debug] [2025-09-18T04:07:22.678Z] Object "" in "firebase.json" has unknown property: {"additionalProperty":"firestoreDatabases"}
[debug] [2025-09-18T04:07:22.684Z] > command requires scopes: ["email","openid","https://www.googleapis.com/auth/cloudplatformprojects.readonly","https://www.googleapis.com/auth/firebase","https://www.googleapis.com/auth/cloud-platform"]
[debug] [2025-09-18T04:07:22.685Z] > authorizing via signed-in user (infinitybyte.dev@gmail.com)
[debug] [2025-09-18T04:07:22.685Z] [iam] checking project shared-sign-in for permissions ["datastore.indexes.create","datastore.indexes.delete","datastore.indexes.list","datastore.indexes.update","firebase.projects.get"]
[debug] [2025-09-18T04:07:22.689Z] Checked if tokens are valid: true, expires at: 1758171982148
[debug] [2025-09-18T04:07:22.689Z] Checked if tokens are valid: true, expires at: 1758171982148
[debug] [2025-09-18T04:07:22.691Z] >>> [apiv2][query] POST https://cloudresourcemanager.googleapis.com/v1/projects/shared-sign-in:testIamPermissions [none]
[debug] [2025-09-18T04:07:22.691Z] >>> [apiv2][(partial)header] POST https://cloudresourcemanager.googleapis.com/v1/projects/shared-sign-in:testIamPermissions x-goog-quota-user=projects/shared-sign-in
[debug] [2025-09-18T04:07:22.691Z] >>> [apiv2][body] POST https://cloudresourcemanager.googleapis.com/v1/projects/shared-sign-in:testIamPermissions {"permissions":["datastore.indexes.create","datastore.indexes.delete","datastore.indexes.list","datastore.indexes.update","firebase.projects.get"]}
[debug] [2025-09-18T04:07:22.935Z] <<< [apiv2][status] POST https://cloudresourcemanager.googleapis.com/v1/projects/shared-sign-in:testIamPermissions 200
[debug] [2025-09-18T04:07:22.935Z] <<< [apiv2][body] POST https://cloudresourcemanager.googleapis.com/v1/projects/shared-sign-in:testIamPermissions {"permissions":["datastore.indexes.create","datastore.indexes.delete","datastore.indexes.list","datastore.indexes.update","firebase.projects.get"]}
[info] 
[info] === Deploying to 'shared-sign-in'...
[info] 
[info] i  deploying firestore 
[info] i  firestore: reading indexes from firestore.indexes.json... 
[info] i  cloud.firestore: checking firestore.rules for compilation errors... 
[debug] [2025-09-18T04:07:22.943Z] Checked if tokens are valid: true, expires at: 1758171982148
[debug] [2025-09-18T04:07:22.943Z] Checked if tokens are valid: true, expires at: 1758171982148
[debug] [2025-09-18T04:07:22.943Z] >>> [apiv2][query] POST https://firebaserules.googleapis.com/v1/projects/shared-sign-in:test [none]
[debug] [2025-09-18T04:07:22.943Z] >>> [apiv2][body] POST https://firebaserules.googleapis.com/v1/projects/shared-sign-in:test [omitted]
[debug] [2025-09-18T04:07:23.397Z] <<< [apiv2][status] POST https://firebaserules.googleapis.com/v1/projects/shared-sign-in:test 200
[debug] [2025-09-18T04:07:23.397Z] <<< [apiv2][body] POST https://firebaserules.googleapis.com/v1/projects/shared-sign-in:test {}
[info] +  cloud.firestore: rules file firestore.rules compiled successfully 
[debug] [2025-09-18T04:07:23.398Z] Checked if tokens are valid: true, expires at: 1758171982148
[debug] [2025-09-18T04:07:23.398Z] Checked if tokens are valid: true, expires at: 1758171982148
[debug] [2025-09-18T04:07:23.399Z] >>> [apiv2][query] GET https://firestore.googleapis.com/v1/projects/shared-sign-in/databases/(default) [none]
[debug] [2025-09-18T04:07:23.836Z] <<< [apiv2][status] GET https://firestore.googleapis.com/v1/projects/shared-sign-in/databases/(default) 200
[debug] [2025-09-18T04:07:23.836Z] <<< [apiv2][body] GET https://firestore.googleapis.com/v1/projects/shared-sign-in/databases/(default) {"name":"projects/shared-sign-in/databases/(default)","uid":"46e9ec2b-e770-4e47-8359-89c121cd9fa2","createTime":"2025-06-16T03:34:20.725653Z","updateTime":"2025-06-16T03:34:20.725653Z","locationId":"nam5","type":"FIRESTORE_NATIVE","concurrencyMode":"PESSIMISTIC","versionRetentionPeriod":"604800s","earliestVersionTime":"2025-09-11T04:08:00Z","appEngineIntegrationMode":"DISABLED","keyPrefix":"s","pointInTimeRecoveryEnablement":"POINT_IN_TIME_RECOVERY_ENABLED","deleteProtectionState":"DELETE_PROTECTION_DISABLED","databaseEdition":"STANDARD","freeTier":true,"etag":"IIz27uu34Y8DMKrco6/Y4I8D"}
[debug] [2025-09-18T04:07:23.838Z] Checked if tokens are valid: true, expires at: 1758171982148
[debug] [2025-09-18T04:07:23.838Z] Checked if tokens are valid: true, expires at: 1758171982148
[debug] [2025-09-18T04:07:23.839Z] >>> [apiv2][query] GET https://firebaserules.googleapis.com/v1/projects/shared-sign-in/releases pageSize=10&pageToken=
[debug] [2025-09-18T04:07:24.002Z] <<< [apiv2][status] GET https://firebaserules.googleapis.com/v1/projects/shared-sign-in/releases 200
[debug] [2025-09-18T04:07:24.002Z] <<< [apiv2][body] GET https://firebaserules.googleapis.com/v1/projects/shared-sign-in/releases {"releases":[{"name":"projects/shared-sign-in/releases/cloud.firestore","rulesetName":"projects/shared-sign-in/rulesets/9a299ad6-b89b-4eb8-8c3b-8e5c20231692","createTime":"2025-06-16T03:34:26.072781Z","updateTime":"2025-09-15T02:53:16.483814Z"},{"name":"projects/shared-sign-in/releases/cloud.firestore/quest-forge","rulesetName":"projects/shared-sign-in/rulesets/9eaffe64-b94d-4816-90e8-93d33735e00c","createTime":"2025-09-17T22:52:54.529795Z","updateTime":"2025-09-18T03:52:53.013033Z"},{"name":"projects/shared-sign-in/releases/firebase.storage/shared-sign-in.firebasestorage.app","rulesetName":"projects/shared-sign-in/rulesets/ce8c1d11-1255-4f6f-9741-80de68201ad1","createTime":"2025-08-31T16:39:10.759077Z","updateTime":"2025-09-03T02:17:20.384537Z"}]}
[debug] [2025-09-18T04:07:24.037Z] Checked if tokens are valid: true, expires at: 1758171982148
[debug] [2025-09-18T04:07:24.037Z] Checked if tokens are valid: true, expires at: 1758171982148
[debug] [2025-09-18T04:07:24.037Z] >>> [apiv2][query] GET https://firebaserules.googleapis.com/v1/projects/shared-sign-in/rulesets/9eaffe64-b94d-4816-90e8-93d33735e00c [none]
[debug] [2025-09-18T04:07:24.326Z] <<< [apiv2][status] GET https://firebaserules.googleapis.com/v1/projects/shared-sign-in/rulesets/9eaffe64-b94d-4816-90e8-93d33735e00c 200
[debug] [2025-09-18T04:07:24.326Z] <<< [apiv2][body] GET https://firebaserules.googleapis.com/v1/projects/shared-sign-in/rulesets/9eaffe64-b94d-4816-90e8-93d33735e00c [omitted]
[info] i  firestore: uploading rules firestore.rules... 
[debug] [2025-09-18T04:07:24.328Z] Checked if tokens are valid: true, expires at: 1758171982148
[debug] [2025-09-18T04:07:24.328Z] Checked if tokens are valid: true, expires at: 1758171982148
[debug] [2025-09-18T04:07:24.329Z] >>> [apiv2][query] POST https://firebaserules.googleapis.com/v1/projects/shared-sign-in/rulesets [none]
[debug] [2025-09-18T04:07:24.329Z] >>> [apiv2][body] POST https://firebaserules.googleapis.com/v1/projects/shared-sign-in/rulesets [omitted]
[debug] [2025-09-18T04:07:24.681Z] <<< [apiv2][status] POST https://firebaserules.googleapis.com/v1/projects/shared-sign-in/rulesets 200
[debug] [2025-09-18T04:07:24.681Z] <<< [apiv2][body] POST https://firebaserules.googleapis.com/v1/projects/shared-sign-in/rulesets {"name":"projects/shared-sign-in/rulesets/9a866ecb-52da-4654-973a-19dae45ee3b2","source":{"files":[{"content":"rules_version = '2';\r\nservice cloud.firestore {\r\n  match /databases/{database}/documents {\r\n    function isSignedIn() { return request.auth != null; }\r\n    function isOwner(userId) { return isSignedIn() && request.auth.uid == userId; }\r\n    function validString(field, max) { return field is string && field.size() > 0 && field.size() <= max; }\r\n    function validNumRange(field, min, max) { return field is number && field >= min && field <= max; }\r\n\r\n    // Users collection: each doc id must equal the authenticated user's uid\r\n    match /users/{userId} {\r\n      allow read: if isOwner(userId);\r\n      allow create, update, delete: if isOwner(userId) && isValidUserDoc(request.resource.data);\r\n\r\n      // Validate top-level user doc (we only expect optional lastCharacterId)\r\n      function isValidUserDoc(data) {\r\n        return (!('lastCharacterId' in data) || validString(data.lastCharacterId, 64));\r\n      }\r\n\r\n      // Subcollection: characters owned by the user\r\n      match /characters/{charId} {\r\n        allow get, list: if isOwner(userId);\r\n        allow create, update, delete: if isOwner(userId) && isValidCharacter(request.resource.data);\r\n      }\r\n\r\n      // Character document schema validation (loose, but guards obvious issues)\r\n      function isValidCharacter(data) {\r\n        return data.keys().hasAll(['name','class','level','experience','health','maxHealth','gold'])\r\n          && validString(data.name, 32)\r\n          && (data.class is string && data.class.matches('^[a-z_]+$'))\r\n          && validNumRange(data.level, 1, 999)\r\n          && (data.experience is number && data.experience >= 0)\r\n          && (data.health is number && data.health >= 0)\r\n          && (data.maxHealth is number && data.maxHealth >= 1)\r\n          && validNumRange(data.gold, 0, 100000000)\r\n          && (!('unspentPoints' in data) || validNumRange(data.unspentPoints, 0, 999))\r\n          && (!('strength' in data) || validNumRange(data.strength, 0, 999))\r\n          && (!('magic' in data) || validNumRange(data.magic, 0, 999))\r\n          && (!('agility' in data) || validNumRange(data.agility, 0, 999))\r\n          && (!('defense' in data) || validNumRange(data.defense, 0, 999))\r\n          && (!('currentLocationId' in data) || (data.currentLocationId is string && data.currentLocationId.matches('^[a-z_]+$')))\r\n          && (!('equipment' in data) || data.equipment is map)\r\n          && (!('inventory' in data) || (data.inventory is list || data.inventory is map));\r\n      }\r\n    }\r\n\r\n    // Deny all other access by default\r\n    match /{document=**} {\r\n      allow read, write: if false;\r\n    }\r\n  }\r\n}\r\n","name":"firestore.rules"}]},"createTime":"2025-09-18T04:07:23.554319Z","metadata":{"services":["cloud.firestore"]}}
[debug] [2025-09-18T04:07:24.681Z] [rules] created ruleset projects/shared-sign-in/rulesets/9a866ecb-52da-4654-973a-19dae45ee3b2
[info] i  firestore: deploying indexes... 
[debug] [2025-09-18T04:07:24.683Z] Checked if tokens are valid: true, expires at: 1758171982148
[debug] [2025-09-18T04:07:24.683Z] Checked if tokens are valid: true, expires at: 1758171982148
[debug] [2025-09-18T04:07:24.683Z] >>> [apiv2][query] GET https://firestore.googleapis.com/v1/projects/shared-sign-in/databases/(default)/collectionGroups/-/indexes [none]
[debug] [2025-09-18T04:07:24.818Z] <<< [apiv2][status] GET https://firestore.googleapis.com/v1/projects/shared-sign-in/databases/(default)/collectionGroups/-/indexes 200
[debug] [2025-09-18T04:07:24.818Z] <<< [apiv2][body] GET https://firestore.googleapis.com/v1/projects/shared-sign-in/databases/(default)/collectionGroups/-/indexes {"indexes":[{"name":"projects/shared-sign-in/databases/(default)/collectionGroups/community_posts/indexes/CICAgNiav4AK","queryScope":"COLLECTION","fields":[{"fieldPath":"status","order":"ASCENDING"},{"fieldPath":"createdAt","order":"DESCENDING"},{"fieldPath":"__name__","order":"DESCENDING"}],"state":"READY","density":"SPARSE_ALL"},{"name":"projects/shared-sign-in/databases/(default)/collectionGroups/gameReviews/indexes/CICAgLjy8IAK","queryScope":"COLLECTION","fields":[{"fieldPath":"userId","order":"ASCENDING"},{"fieldPath":"timestamp","order":"DESCENDING"},{"fieldPath":"__name__","order":"DESCENDING"}],"state":"READY","density":"SPARSE_ALL"},{"name":"projects/shared-sign-in/databases/(default)/collectionGroups/reviews/indexes/CICAgJj7z4EK","queryScope":"COLLECTION","fields":[{"fieldPath":"gameId","order":"ASCENDING"},{"fieldPath":"moderationStatus","order":"ASCENDING"},{"fieldPath":"timestamp","order":"DESCENDING"},{"fieldPath":"__name__","order":"DESCENDING"}],"state":"READY","density":"SPARSE_ALL"},{"name":"projects/shared-sign-in/databases/(default)/collectionGroups/verification_requests/indexes/CICAgNjpgYIK","queryScope":"COLLECTION","fields":[{"fieldPath":"status","order":"ASCENDING"},{"fieldPath":"createdAt","order":"DESCENDING"},{"fieldPath":"__name__","order":"DESCENDING"}],"state":"READY","density":"SPARSE_ALL"},{"name":"projects/shared-sign-in/databases/(default)/collectionGroups/reviews/indexes/CICAgJjF9oIK","queryScope":"COLLECTION","fields":[{"fieldPath":"moderationStatus","order":"ASCENDING"},{"fieldPath":"timestamp","order":"DESCENDING"},{"fieldPath":"rating","order":"DESCENDING"},{"fieldPath":"__name__","order":"DESCENDING"}],"state":"READY","density":"SPARSE_ALL"},{"name":"projects/shared-sign-in/databases/(default)/collectionGroups/gameReviews/indexes/CICAgLiIkYMK","queryScope":"COLLECTION","fields":[{"fieldPath":"moderationStatus","order":"ASCENDING"},{"fieldPath":"timestamp","order":"DESCENDING"},{"fieldPath":"__name__","order":"DESCENDING"}],"state":"READY","density":"SPARSE_ALL"},{"name":"projects/shared-sign-in/databases/(default)/collectionGroups/review_replies/indexes/CICAgNi47oMK","queryScope":"COLLECTION","fields":[{"fieldPath":"reviewId","order":"ASCENDING"},{"fieldPath":"timestamp","order":"ASCENDING"},{"fieldPath":"__name__","order":"ASCENDING"}],"state":"READY","density":"SPARSE_ALL"},{"name":"projects/shared-sign-in/databases/(default)/collectionGroups/community_posts/indexes/CICAgNiryokK","queryScope":"COLLECTION","fields":[{"fieldPath":"status","order":"ASCENDING"},{"fieldPath":"tags","arrayConfig":"CONTAINS"},{"fieldPath":"likesCount","order":"DESCENDING"},{"fieldPath":"createdAt","order":"DESCENDING"},{"fieldPath":"__name__","order":"DESCENDING"}],"state":"READY","density":"SPARSE_ALL"},{"name":"projects/shared-sign-in/databases/(default)/collectionGroups/game_submissions/indexes/CICAgOi39IkK","queryScope":"COLLECTION","fields":[{"fieldPath":"status","order":"ASCENDING"},{"fieldPath":"createdAt","order":"DESCENDING"},{"fieldPath":"__name__","order":"DESCENDING"}],"state":"READY","density":"SPARSE_ALL"},{"name":"projects/shared-sign-in/databases/(default)/collectionGroups/community_posts/indexes/CICAgNirtJAK","queryScope":"COLLECTION","fields":[{"fieldPath":"status","order":"ASCENDING"},{"fieldPath":"tags","arrayConfig":"CONTAINS"},{"fieldPath":"createdAt","order":"DESCENDING"},{"fieldPath":"__name__","order":"DESCENDING"}],"state":"READY","density":"SPARSE_ALL"},{"name":"projects/shared-sign-in/databases/(default)/collectionGroups/notifications/indexes/CICAgJjmiJEK","queryScope":"COLLECTION","fields":[{"fieldPath":"read","order":"ASCENDING"},{"fieldPath":"createdAt","order":"DESCENDING"},{"fieldPath":"__name__","order":"DESCENDING"}],"state":"READY","density":"SPARSE_ALL"},{"name":"projects/shared-sign-in/databases/(default)/collectionGroups/gameReviews/indexes/CICAgLjyrJEK","queryScope":"COLLECTION","fields":[{"fieldPath":"rating","order":"ASCENDING"},{"fieldPath":"moderationStatus","order":"ASCENDING"},{"fieldPath":"__name__","order":"ASCENDING"}],"state":"READY","density":"SPARSE_ALL"},{"name":"projects/shared-sign-in/databases/(default)/collectionGroups/gameReviews/indexes/CICAgNjaxJEK","queryScope":"COLLECTION","fields":[{"fieldPath":"gameId","order":"ASCENDING"},{"fieldPath":"moderationStatus","order":"ASCENDING"},{"fieldPath":"timestamp","order":"DESCENDING"},{"fieldPath":"__name__","order":"DESCENDING"}],"state":"READY","density":"SPARSE_ALL"},{"name":"projects/shared-sign-in/databases/(default)/collectionGroups/gameReviews/indexes/CICAgNi4-ZIK","queryScope":"COLLECTION","fields":[{"fieldPath":"gameId","order":"ASCENDING"},{"fieldPath":"rating","order":"DESCENDING"},{"fieldPath":"__name__","order":"DESCENDING"}],"state":"READY","density":"SPARSE_ALL"},{"name":"projects/shared-sign-in/databases/(default)/collectionGroups/community_posts/indexes/CICAgNjp5ZMK","queryScope":"COLLECTION","fields":[{"fieldPath":"status","order":"ASCENDING"},{"fieldPath":"likesCount","order":"DESCENDING"},{"fieldPath":"createdAt","order":"DESCENDING"},{"fieldPath":"__name__","order":"DESCENDING"}],"state":"READY","density":"SPARSE_ALL"}]}
[debug] [2025-09-18T04:07:24.819Z] Checked if tokens are valid: true, expires at: 1758171982148
[debug] [2025-09-18T04:07:24.819Z] Checked if tokens are valid: true, expires at: 1758171982148
[debug] [2025-09-18T04:07:24.819Z] >>> [apiv2][query] GET https://firestore.googleapis.com/v1/projects/shared-sign-in/databases/(default)/collectionGroups/-/fields?filter=indexConfig.usesAncestorConfig=false OR ttlConfig:* [none]
[debug] [2025-09-18T04:07:24.935Z] <<< [apiv2][status] GET https://firestore.googleapis.com/v1/projects/shared-sign-in/databases/(default)/collectionGroups/-/fields?filter=indexConfig.usesAncestorConfig=false OR ttlConfig:* 200
[debug] [2025-09-18T04:07:24.935Z] <<< [apiv2][body] GET https://firestore.googleapis.com/v1/projects/shared-sign-in/databases/(default)/collectionGroups/-/fields?filter=indexConfig.usesAncestorConfig=false OR ttlConfig:* {"fields":[{"name":"projects/shared-sign-in/databases/(default)/collectionGroups/__default__/fields/*","indexConfig":{"indexes":[{"queryScope":"COLLECTION","fields":[{"fieldPath":"*","order":"ASCENDING"}],"state":"READY"},{"queryScope":"COLLECTION","fields":[{"fieldPath":"*","order":"DESCENDING"}],"state":"READY"},{"queryScope":"COLLECTION","fields":[{"fieldPath":"*","arrayConfig":"CONTAINS"}],"state":"READY"}]}},{"name":"projects/shared-sign-in/databases/(default)/collectionGroups/gameReviews/fields/gameId","indexConfig":{"indexes":[{"queryScope":"COLLECTION","fields":[{"fieldPath":"gameId","order":"ASCENDING"}],"state":"READY"}],"ancestorField":"projects/shared-sign-in/databases/(default)/collectionGroups/__default__/fields/*"}},{"name":"projects/shared-sign-in/databases/(default)/collectionGroups/gameReviews/fields/moderationStatus","indexConfig":{"indexes":[{"queryScope":"COLLECTION","fields":[{"fieldPath":"moderationStatus","order":"ASCENDING"}],"state":"READY"}],"ancestorField":"projects/shared-sign-in/databases/(default)/collectionGroups/__default__/fields/*"}},{"name":"projects/shared-sign-in/databases/(default)/collectionGroups/gameReviews/fields/rating","indexConfig":{"indexes":[{"queryScope":"COLLECTION","fields":[{"fieldPath":"rating","order":"ASCENDING"}],"state":"READY"},{"queryScope":"COLLECTION","fields":[{"fieldPath":"rating","order":"DESCENDING"}],"state":"READY"}],"ancestorField":"projects/shared-sign-in/databases/(default)/collectionGroups/__default__/fields/*"}},{"name":"projects/shared-sign-in/databases/(default)/collectionGroups/gameReviews/fields/timestamp","indexConfig":{"indexes":[{"queryScope":"COLLECTION","fields":[{"fieldPath":"timestamp","order":"ASCENDING"}],"state":"READY"},{"queryScope":"COLLECTION","fields":[{"fieldPath":"timestamp","order":"DESCENDING"}],"state":"READY"}],"ancestorField":"projects/shared-sign-in/databases/(default)/collectionGroups/__default__/fields/*"}},{"name":"projects/shared-sign-in/databases/(default)/collectionGroups/gameReviews/fields/userId","indexConfig":{"indexes":[{"queryScope":"COLLECTION","fields":[{"fieldPath":"userId","order":"ASCENDING"}],"state":"READY"}],"ancestorField":"projects/shared-sign-in/databases/(default)/collectionGroups/__default__/fields/*"}}]}
[debug] [2025-09-18T04:07:24.935Z] Checked if tokens are valid: true, expires at: 1758171982148
[debug] [2025-09-18T04:07:24.935Z] Checked if tokens are valid: true, expires at: 1758171982148
[debug] [2025-09-18T04:07:24.935Z] >>> [apiv2][query] GET https://firestore.googleapis.com/v1/projects/shared-sign-in/databases/(default) [none]
[debug] [2025-09-18T04:07:25.058Z] <<< [apiv2][status] GET https://firestore.googleapis.com/v1/projects/shared-sign-in/databases/(default) 200
[debug] [2025-09-18T04:07:25.058Z] <<< [apiv2][body] GET https://firestore.googleapis.com/v1/projects/shared-sign-in/databases/(default) {"name":"projects/shared-sign-in/databases/(default)","uid":"46e9ec2b-e770-4e47-8359-89c121cd9fa2","createTime":"2025-06-16T03:34:20.725653Z","updateTime":"2025-06-16T03:34:20.725653Z","locationId":"nam5","type":"FIRESTORE_NATIVE","concurrencyMode":"PESSIMISTIC","versionRetentionPeriod":"604800s","earliestVersionTime":"2025-09-11T04:08:00Z","appEngineIntegrationMode":"DISABLED","keyPrefix":"s","pointInTimeRecoveryEnablement":"POINT_IN_TIME_RECOVERY_ENABLED","deleteProtectionState":"DELETE_PROTECTION_DISABLED","databaseEdition":"STANDARD","freeTier":true,"etag":"IKXHuey34Y8DMKrco6/Y4I8D"}
[info] i  firestore: The following indexes are defined in your project but are not present in your firestore indexes file:
	(community_posts) -- (status,ASCENDING) (createdAt,DESCENDING)  -- Density:SPARSE_ALL 
	(gameReviews) -- (userId,ASCENDING) (timestamp,DESCENDING)  -- Density:SPARSE_ALL 
	(reviews) -- (gameId,ASCENDING) (moderationStatus,ASCENDING) (timestamp,DESCENDING)  -- Density:SPARSE_ALL 
	(verification_requests) -- (status,ASCENDING) (createdAt,DESCENDING)  -- Density:SPARSE_ALL 
	(reviews) -- (moderationStatus,ASCENDING) (timestamp,DESCENDING) (rating,DESCENDING)  -- Density:SPARSE_ALL 
	(gameReviews) -- (moderationStatus,ASCENDING) (timestamp,DESCENDING)  -- Density:SPARSE_ALL 
	(review_replies) -- (reviewId,ASCENDING) (timestamp,ASCENDING)  -- Density:SPARSE_ALL 
	(community_posts) -- (status,ASCENDING) (tags,CONTAINS) (likesCount,DESCENDING) (createdAt,DESCENDING)  -- Density:SPARSE_ALL 
	(game_submissions) -- (status,ASCENDING) (createdAt,DESCENDING)  -- Density:SPARSE_ALL 
	(community_posts) -- (status,ASCENDING) (tags,CONTAINS) (createdAt,DESCENDING)  -- Density:SPARSE_ALL 
	(notifications) -- (read,ASCENDING) (createdAt,DESCENDING)  -- Density:SPARSE_ALL 
	(gameReviews) -- (rating,ASCENDING) (moderationStatus,ASCENDING)  -- Density:SPARSE_ALL 
	(gameReviews) -- (gameId,ASCENDING) (moderationStatus,ASCENDING) (timestamp,DESCENDING)  -- Density:SPARSE_ALL 
	(gameReviews) -- (gameId,ASCENDING) (rating,DESCENDING)  -- Density:SPARSE_ALL 
	(community_posts) -- (status,ASCENDING) (likesCount,DESCENDING) (createdAt,DESCENDING)  -- Density:SPARSE_ALL  
